[2024-01-19T09:31:06.445+0000] {taskinstance.py:1957} INFO - Dependencies all met for dep_context=non-requeueable deps ti=<TaskInstance: company_profile_pipeline.UpdateCompanyProfile manual__2024-01-19T09:31:03.815542+00:00 [queued]>
[2024-01-19T09:31:06.450+0000] {taskinstance.py:1957} INFO - Dependencies all met for dep_context=requeueable deps ti=<TaskInstance: company_profile_pipeline.UpdateCompanyProfile manual__2024-01-19T09:31:03.815542+00:00 [queued]>
[2024-01-19T09:31:06.450+0000] {taskinstance.py:2171} INFO - Starting attempt 1 of 1
[2024-01-19T09:31:06.455+0000] {taskinstance.py:2192} INFO - Executing <Task(PythonOperator): UpdateCompanyProfile> on 2024-01-19 09:31:03.815542+00:00
[2024-01-19T09:31:06.458+0000] {standard_task_runner.py:60} INFO - Started process 176 to run task
[2024-01-19T09:31:06.460+0000] {standard_task_runner.py:87} INFO - Running: ['***', 'tasks', 'run', 'company_profile_pipeline', 'UpdateCompanyProfile', 'manual__2024-01-19T09:31:03.815542+00:00', '--job-id', '85', '--raw', '--subdir', 'DAGS_FOLDER/CrawlCompanyInfo.py', '--cfg-path', '/tmp/tmpzx4ty3yh']
[2024-01-19T09:31:06.461+0000] {standard_task_runner.py:88} INFO - Job 85: Subtask UpdateCompanyProfile
[2024-01-19T09:31:06.482+0000] {task_command.py:423} INFO - Running <TaskInstance: company_profile_pipeline.UpdateCompanyProfile manual__2024-01-19T09:31:03.815542+00:00 [running]> on host 56f123d3e42c
[2024-01-19T09:31:06.513+0000] {taskinstance.py:2481} INFO - Exporting env vars: AIRFLOW_CTX_DAG_EMAIL='anh.ho@tititada.com' AIRFLOW_CTX_DAG_OWNER='anh.ho' AIRFLOW_CTX_DAG_ID='company_profile_pipeline' AIRFLOW_CTX_TASK_ID='UpdateCompanyProfile' AIRFLOW_CTX_EXECUTION_DATE='2024-01-19T09:31:03.815542+00:00' AIRFLOW_CTX_TRY_NUMBER='1' AIRFLOW_CTX_DAG_RUN_ID='manual__2024-01-19T09:31:03.815542+00:00'
[2024-01-19T09:31:06.513+0000] {logging_mixin.py:188} INFO - Connecting to the PostgreSQL database...
[2024-01-19T09:31:06.515+0000] {logging_mixin.py:188} INFO - PostgreSQL database version:
[2024-01-19T09:31:06.515+0000] {logging_mixin.py:188} INFO - Successfully connect to Postgresql
[2024-01-19T09:31:06.515+0000] {logging_mixin.py:188} INFO - ('PostgreSQL 13.13 (Debian 13.13-1.pgdg120+1) on aarch64-unknown-linux-gnu, compiled by gcc (Debian 12.2.0-14) 12.2.0, 64-bit',)
[2024-01-19T09:31:06.515+0000] {logging_mixin.py:188} INFO - Get Company profile of HPG symbol
[2024-01-19T09:31:06.749+0000] {logging_mixin.py:188} INFO - API Status Code 200
[2024-01-19T09:31:06.752+0000] {logging_mixin.py:188} INFO - Update profile of HPG symbol into table company_profile in Postgresql.....
[2024-01-19T09:31:06.755+0000] {logging_mixin.py:188} INFO - Update data successfully
[2024-01-19T09:31:06.755+0000] {logging_mixin.py:188} INFO - Close connection
[2024-01-19T09:31:06.755+0000] {python.py:201} INFO - Done. Returned value was: None
[2024-01-19T09:31:06.762+0000] {taskinstance.py:1138} INFO - Marking task as SUCCESS. dag_id=company_profile_pipeline, task_id=UpdateCompanyProfile, execution_date=20240119T093103, start_date=20240119T093106, end_date=20240119T093106
[2024-01-19T09:31:06.809+0000] {local_task_job_runner.py:234} INFO - Task exited with return code 0
[2024-01-19T09:31:06.822+0000] {taskinstance.py:3281} INFO - 0 downstream tasks scheduled from follow-on schedule check
