[2024-01-19T09:29:20.264+0000] {taskinstance.py:1957} INFO - Dependencies all met for dep_context=non-requeueable deps ti=<TaskInstance: company_profile_pipeline.InsertCompanyProfile_branch_2 manual__2024-01-19T09:29:17.442977+00:00 [queued]>
[2024-01-19T09:29:20.268+0000] {taskinstance.py:1957} INFO - Dependencies all met for dep_context=requeueable deps ti=<TaskInstance: company_profile_pipeline.InsertCompanyProfile_branch_2 manual__2024-01-19T09:29:17.442977+00:00 [queued]>
[2024-01-19T09:29:20.268+0000] {taskinstance.py:2171} INFO - Starting attempt 1 of 1
[2024-01-19T09:29:20.276+0000] {taskinstance.py:2192} INFO - Executing <Task(PythonOperator): InsertCompanyProfile_branch_2> on 2024-01-19 09:29:17.442977+00:00
[2024-01-19T09:29:20.280+0000] {standard_task_runner.py:60} INFO - Started process 146 to run task
[2024-01-19T09:29:20.283+0000] {standard_task_runner.py:87} INFO - Running: ['***', 'tasks', 'run', 'company_profile_pipeline', 'InsertCompanyProfile_branch_2', 'manual__2024-01-19T09:29:17.442977+00:00', '--job-id', '82', '--raw', '--subdir', 'DAGS_FOLDER/CrawlCompanyInfo.py', '--cfg-path', '/tmp/tmploxry3u5']
[2024-01-19T09:29:20.283+0000] {standard_task_runner.py:88} INFO - Job 82: Subtask InsertCompanyProfile_branch_2
[2024-01-19T09:29:20.308+0000] {task_command.py:423} INFO - Running <TaskInstance: company_profile_pipeline.InsertCompanyProfile_branch_2 manual__2024-01-19T09:29:17.442977+00:00 [running]> on host 56f123d3e42c
[2024-01-19T09:29:20.348+0000] {taskinstance.py:2481} INFO - Exporting env vars: AIRFLOW_CTX_DAG_EMAIL='anh.ho@tititada.com' AIRFLOW_CTX_DAG_OWNER='anh.ho' AIRFLOW_CTX_DAG_ID='company_profile_pipeline' AIRFLOW_CTX_TASK_ID='InsertCompanyProfile_branch_2' AIRFLOW_CTX_EXECUTION_DATE='2024-01-19T09:29:17.442977+00:00' AIRFLOW_CTX_TRY_NUMBER='1' AIRFLOW_CTX_DAG_RUN_ID='manual__2024-01-19T09:29:17.442977+00:00'
[2024-01-19T09:29:20.349+0000] {logging_mixin.py:188} INFO - Connecting to the PostgreSQL database...
[2024-01-19T09:29:20.351+0000] {logging_mixin.py:188} INFO - PostgreSQL database version:
[2024-01-19T09:29:20.351+0000] {logging_mixin.py:188} INFO - Successfully connect to Postgresql
[2024-01-19T09:29:20.352+0000] {logging_mixin.py:188} INFO - ('PostgreSQL 13.13 (Debian 13.13-1.pgdg120+1) on aarch64-unknown-linux-gnu, compiled by gcc (Debian 12.2.0-14) 12.2.0, 64-bit',)
[2024-01-19T09:29:20.352+0000] {logging_mixin.py:188} INFO - Get Company profile of ACB symbol
[2024-01-19T09:29:20.615+0000] {logging_mixin.py:188} INFO - API Status Code 200
[2024-01-19T09:29:20.618+0000] {logging_mixin.py:188} INFO - Insert profile of ACB symbol into table company_profile in Postgresql.....
[2024-01-19T09:29:20.620+0000] {logging_mixin.py:188} INFO - Inserted data successfully
[2024-01-19T09:29:20.621+0000] {logging_mixin.py:188} INFO - Close connection
[2024-01-19T09:29:20.621+0000] {python.py:201} INFO - Done. Returned value was: None
[2024-01-19T09:29:20.629+0000] {taskinstance.py:1138} INFO - Marking task as SUCCESS. dag_id=company_profile_pipeline, task_id=InsertCompanyProfile_branch_2, execution_date=20240119T092917, start_date=20240119T092920, end_date=20240119T092920
[2024-01-19T09:29:20.680+0000] {local_task_job_runner.py:234} INFO - Task exited with return code 0
[2024-01-19T09:29:20.692+0000] {taskinstance.py:3281} INFO - 0 downstream tasks scheduled from follow-on schedule check
