[2024-01-19T12:16:38.445+0000] {taskinstance.py:1957} INFO - Dependencies all met for dep_context=non-requeueable deps ti=<TaskInstance: company_profile_pipeline.InsertCompanyProfile_branch_1 manual__2024-01-19T12:16:35.314620+00:00 [queued]>
[2024-01-19T12:16:38.449+0000] {taskinstance.py:1957} INFO - Dependencies all met for dep_context=requeueable deps ti=<TaskInstance: company_profile_pipeline.InsertCompanyProfile_branch_1 manual__2024-01-19T12:16:35.314620+00:00 [queued]>
[2024-01-19T12:16:38.449+0000] {taskinstance.py:2171} INFO - Starting attempt 1 of 1
[2024-01-19T12:16:38.454+0000] {taskinstance.py:2192} INFO - Executing <Task(PythonOperator): InsertCompanyProfile_branch_1> on 2024-01-19 12:16:35.314620+00:00
[2024-01-19T12:16:38.458+0000] {standard_task_runner.py:60} INFO - Started process 180 to run task
[2024-01-19T12:16:38.460+0000] {standard_task_runner.py:87} INFO - Running: ['***', 'tasks', 'run', 'company_profile_pipeline', 'InsertCompanyProfile_branch_1', 'manual__2024-01-19T12:16:35.314620+00:00', '--job-id', '28', '--raw', '--subdir', 'DAGS_FOLDER/CrawlCompanyInfo.py', '--cfg-path', '/tmp/tmprfom7bt8']
[2024-01-19T12:16:38.461+0000] {standard_task_runner.py:88} INFO - Job 28: Subtask InsertCompanyProfile_branch_1
[2024-01-19T12:16:38.487+0000] {task_command.py:423} INFO - Running <TaskInstance: company_profile_pipeline.InsertCompanyProfile_branch_1 manual__2024-01-19T12:16:35.314620+00:00 [running]> on host 438eff074d5a
[2024-01-19T12:16:38.524+0000] {taskinstance.py:2481} INFO - Exporting env vars: AIRFLOW_CTX_DAG_EMAIL='anh.ho@tititada.com' AIRFLOW_CTX_DAG_OWNER='anh.ho' AIRFLOW_CTX_DAG_ID='company_profile_pipeline' AIRFLOW_CTX_TASK_ID='InsertCompanyProfile_branch_1' AIRFLOW_CTX_EXECUTION_DATE='2024-01-19T12:16:35.314620+00:00' AIRFLOW_CTX_TRY_NUMBER='1' AIRFLOW_CTX_DAG_RUN_ID='manual__2024-01-19T12:16:35.314620+00:00'
[2024-01-19T12:16:38.525+0000] {logging_mixin.py:188} INFO - Connecting to the PostgreSQL database...
[2024-01-19T12:16:38.526+0000] {logging_mixin.py:188} INFO - PostgreSQL database version:
[2024-01-19T12:16:38.527+0000] {logging_mixin.py:188} INFO - Successfully connect to Postgresql
[2024-01-19T12:16:38.527+0000] {logging_mixin.py:188} INFO - ('PostgreSQL 13.13 (Debian 13.13-1.pgdg120+1) on aarch64-unknown-linux-gnu, compiled by gcc (Debian 12.2.0-14) 12.2.0, 64-bit',)
[2024-01-19T12:16:38.527+0000] {logging_mixin.py:188} INFO - Get Company profile of HPG symbol
[2024-01-19T12:16:38.945+0000] {logging_mixin.py:188} INFO - API Status Code 200
[2024-01-19T12:16:38.952+0000] {logging_mixin.py:188} INFO - Insert profile of HPG symbol into table company_profile in Postgresql.....
[2024-01-19T12:16:38.956+0000] {logging_mixin.py:188} INFO - Inserted data successfully
[2024-01-19T12:16:38.957+0000] {logging_mixin.py:188} INFO - Close connection
[2024-01-19T12:16:38.958+0000] {python.py:201} INFO - Done. Returned value was: None
[2024-01-19T12:16:38.977+0000] {taskinstance.py:1138} INFO - Marking task as SUCCESS. dag_id=company_profile_pipeline, task_id=InsertCompanyProfile_branch_1, execution_date=20240119T121635, start_date=20240119T121638, end_date=20240119T121638
[2024-01-19T12:16:39.026+0000] {local_task_job_runner.py:234} INFO - Task exited with return code 0
[2024-01-19T12:16:39.041+0000] {taskinstance.py:3281} INFO - 0 downstream tasks scheduled from follow-on schedule check
