[2024-01-20T02:48:25.868+0000] {taskinstance.py:1957} INFO - Dependencies all met for dep_context=non-requeueable deps ti=<TaskInstance: company_profile_pipeline.CheckTableExisting scheduled__2024-01-19T00:00:00+00:00 [queued]>
[2024-01-20T02:48:25.872+0000] {taskinstance.py:1957} INFO - Dependencies all met for dep_context=requeueable deps ti=<TaskInstance: company_profile_pipeline.CheckTableExisting scheduled__2024-01-19T00:00:00+00:00 [queued]>
[2024-01-20T02:48:25.872+0000] {taskinstance.py:2171} INFO - Starting attempt 1 of 1
[2024-01-20T02:48:25.878+0000] {taskinstance.py:2192} INFO - Executing <Task(BranchPythonOperator): CheckTableExisting> on 2024-01-19 00:00:00+00:00
[2024-01-20T02:48:25.881+0000] {standard_task_runner.py:60} INFO - Started process 54 to run task
[2024-01-20T02:48:25.883+0000] {standard_task_runner.py:87} INFO - Running: ['***', 'tasks', 'run', 'company_profile_pipeline', 'CheckTableExisting', 'scheduled__2024-01-19T00:00:00+00:00', '--job-id', '32', '--raw', '--subdir', 'DAGS_FOLDER/CrawlCompanyInfo.py', '--cfg-path', '/tmp/tmp2lq_tozt']
[2024-01-20T02:48:25.884+0000] {standard_task_runner.py:88} INFO - Job 32: Subtask CheckTableExisting
[2024-01-20T02:48:25.912+0000] {task_command.py:423} INFO - Running <TaskInstance: company_profile_pipeline.CheckTableExisting scheduled__2024-01-19T00:00:00+00:00 [running]> on host dccb51487835
[2024-01-20T02:48:25.955+0000] {taskinstance.py:2481} INFO - Exporting env vars: AIRFLOW_CTX_DAG_EMAIL='anh.ho@tititada.com' AIRFLOW_CTX_DAG_OWNER='anh.ho' AIRFLOW_CTX_DAG_ID='company_profile_pipeline' AIRFLOW_CTX_TASK_ID='CheckTableExisting' AIRFLOW_CTX_EXECUTION_DATE='2024-01-19T00:00:00+00:00' AIRFLOW_CTX_TRY_NUMBER='1' AIRFLOW_CTX_DAG_RUN_ID='scheduled__2024-01-19T00:00:00+00:00'
[2024-01-20T02:48:25.956+0000] {logging_mixin.py:188} INFO - Connecting to the PostgreSQL database...
[2024-01-20T02:48:25.963+0000] {logging_mixin.py:188} INFO - PostgreSQL database version:
[2024-01-20T02:48:25.967+0000] {logging_mixin.py:188} INFO - Successfully connect to Postgresql
[2024-01-20T02:48:25.968+0000] {logging_mixin.py:188} INFO - ('PostgreSQL 13.13 (Debian 13.13-1.pgdg120+1) on aarch64-unknown-linux-gnu, compiled by gcc (Debian 12.2.0-14) 12.2.0, 64-bit',)
[2024-01-20T02:48:25.968+0000] {logging_mixin.py:188} INFO - Checking existing table...
[2024-01-20T02:48:25.979+0000] {python.py:201} INFO - Done. Returned value was: ExistingCompanyProfile
[2024-01-20T02:48:25.979+0000] {branch.py:35} INFO - Branch into ExistingCompanyProfile
[2024-01-20T02:48:25.979+0000] {skipmixin.py:178} INFO - Following branch ExistingCompanyProfile
[2024-01-20T02:48:25.991+0000] {skipmixin.py:244} INFO - Skipping tasks [('CreateCompanyProfileTable', -1)]
[2024-01-20T02:48:26.014+0000] {taskinstance.py:1138} INFO - Marking task as SUCCESS. dag_id=company_profile_pipeline, task_id=CheckTableExisting, execution_date=20240119T000000, start_date=20240120T024825, end_date=20240120T024826
[2024-01-20T02:48:26.058+0000] {local_task_job_runner.py:234} INFO - Task exited with return code 0
[2024-01-20T02:48:26.075+0000] {taskinstance.py:3281} INFO - 1 downstream tasks scheduled from follow-on schedule check
