[2024-01-20T02:48:26.794+0000] {taskinstance.py:1957} INFO - Dependencies all met for dep_context=non-requeueable deps ti=<TaskInstance: company_profile_pipeline.ExistingCompanyProfile scheduled__2024-01-19T00:00:00+00:00 [queued]>
[2024-01-20T02:48:26.799+0000] {taskinstance.py:1957} INFO - Dependencies all met for dep_context=requeueable deps ti=<TaskInstance: company_profile_pipeline.ExistingCompanyProfile scheduled__2024-01-19T00:00:00+00:00 [queued]>
[2024-01-20T02:48:26.800+0000] {taskinstance.py:2171} INFO - Starting attempt 1 of 1
[2024-01-20T02:48:26.805+0000] {taskinstance.py:2192} INFO - Executing <Task(BranchPythonOperator): ExistingCompanyProfile> on 2024-01-19 00:00:00+00:00
[2024-01-20T02:48:26.808+0000] {standard_task_runner.py:60} INFO - Started process 56 to run task
[2024-01-20T02:48:26.810+0000] {standard_task_runner.py:87} INFO - Running: ['***', 'tasks', 'run', 'company_profile_pipeline', 'ExistingCompanyProfile', 'scheduled__2024-01-19T00:00:00+00:00', '--job-id', '33', '--raw', '--subdir', 'DAGS_FOLDER/CrawlCompanyInfo.py', '--cfg-path', '/tmp/tmphwtopt29']
[2024-01-20T02:48:26.811+0000] {standard_task_runner.py:88} INFO - Job 33: Subtask ExistingCompanyProfile
[2024-01-20T02:48:26.838+0000] {task_command.py:423} INFO - Running <TaskInstance: company_profile_pipeline.ExistingCompanyProfile scheduled__2024-01-19T00:00:00+00:00 [running]> on host dccb51487835
[2024-01-20T02:48:26.879+0000] {taskinstance.py:2481} INFO - Exporting env vars: AIRFLOW_CTX_DAG_EMAIL='anh.ho@tititada.com' AIRFLOW_CTX_DAG_OWNER='anh.ho' AIRFLOW_CTX_DAG_ID='company_profile_pipeline' AIRFLOW_CTX_TASK_ID='ExistingCompanyProfile' AIRFLOW_CTX_EXECUTION_DATE='2024-01-19T00:00:00+00:00' AIRFLOW_CTX_TRY_NUMBER='1' AIRFLOW_CTX_DAG_RUN_ID='scheduled__2024-01-19T00:00:00+00:00'
[2024-01-20T02:48:26.880+0000] {logging_mixin.py:188} INFO - Connecting to the PostgreSQL database...
[2024-01-20T02:48:26.882+0000] {logging_mixin.py:188} INFO - PostgreSQL database version:
[2024-01-20T02:48:26.882+0000] {logging_mixin.py:188} INFO - Successfully connect to Postgresql
[2024-01-20T02:48:26.883+0000] {logging_mixin.py:188} INFO - ('PostgreSQL 13.13 (Debian 13.13-1.pgdg120+1) on aarch64-unknown-linux-gnu, compiled by gcc (Debian 12.2.0-14) 12.2.0, 64-bit',)
[2024-01-20T02:48:26.884+0000] {python.py:201} INFO - Done. Returned value was: UpdateCompanyProfile
[2024-01-20T02:48:26.884+0000] {branch.py:35} INFO - Branch into UpdateCompanyProfile
[2024-01-20T02:48:26.884+0000] {skipmixin.py:178} INFO - Following branch UpdateCompanyProfile
[2024-01-20T02:48:26.892+0000] {skipmixin.py:244} INFO - Skipping tasks [('InsertCompanyProfile_branch_2', -1)]
[2024-01-20T02:48:26.910+0000] {taskinstance.py:1138} INFO - Marking task as SUCCESS. dag_id=company_profile_pipeline, task_id=ExistingCompanyProfile, execution_date=20240119T000000, start_date=20240120T024826, end_date=20240120T024826
[2024-01-20T02:48:26.957+0000] {local_task_job_runner.py:234} INFO - Task exited with return code 0
[2024-01-20T02:48:26.973+0000] {taskinstance.py:3281} INFO - 1 downstream tasks scheduled from follow-on schedule check
